<?xml version="1.0" encoding="UTF-8"?>
<testng-results ignored="0" total="0" passed="0" failed="0" skipped="0">
  <reporter-output>
  </reporter-output>
  <suite started-at="2022-04-15T10:33:40Z" name="Automation Suite" finished-at="2022-04-15T10:33:40Z" duration-ms="16">
    <groups>
    </groups>
    <test started-at="2022-04-15T10:33:40Z" name="TestSuit3" finished-at="2022-04-15T10:33:40Z" duration-ms="16">
    </test> <!-- TestSuit3 -->
    <test started-at="2022-04-15T10:33:40Z" name="TestSuit5" finished-at="2022-04-15T10:33:40Z" duration-ms="16">
    </test> <!-- TestSuit5 -->
    <test started-at="2022-04-15T10:33:40Z" name="TestSuit4" finished-at="2022-04-15T10:33:40Z" duration-ms="16">
    </test> <!-- TestSuit4 -->
  </suite> <!-- Automation Suite -->
</testng-results>
